<?xml version="1.0" encoding="UTF-8"?>
<!-- Generated by org.testng.reporters.JUnitReportReporter -->
<testsuite hostname="LAPTOP-LBIUQGKJ" failures="0" tests="1" name="listeners.FifthTest" time="0.002" errors="0" timestamp="2022-12-30T16:57:16 IST" skipped="0">
  <testcase classname="listeners.FifthTest" name="fifthTest" time="0.002"/>
  <system-out>
    <![CDATA[Fifth test]]>
  </system-out>
</testsuite> <!-- listeners.FifthTest -->
