<?xml version="1.0" encoding="UTF-8"?>
<!-- Generated by org.testng.reporters.JUnitReportReporter -->
<testsuite hostname="LAPTOP-LBIUQGKJ" failures="0" tests="3" name="groupExecution.SecondTest" time="0.004" errors="0" timestamp="2022-12-28T14:08:06 IST" skipped="0">
  <testcase classname="groupExecution.SecondTest" name="second3Test" time="0.001"/>
  <system-out>
    <![CDATA[Second3 test]]>
  </system-out>
  <testcase classname="groupExecution.SecondTest" name="second1Test" time="0.001"/>
  <system-out>
    <![CDATA[Second1 test]]>
  </system-out>
  <testcase classname="groupExecution.SecondTest" name="second2Test" time="0.002"/>
  <system-out>
    <![CDATA[Second2 test]]>
  </system-out>
</testsuite> <!-- groupExecution.SecondTest -->
