<?xml version="1.0" encoding="UTF-8"?>
<!-- Generated by org.testng.reporters.JUnitReportReporter -->
<testsuite hostname="LAPTOP-LBIUQGKJ" failures="0" tests="1" name="batchExecution.SecondTest" time="0.001" errors="0" timestamp="2022-12-27T17:43:28 IST" skipped="0">
  <testcase classname="batchExecution.SecondTest" name="secondTest" time="0.001"/>
  <system-out>
    <![CDATA[Second test]]>
  </system-out>
</testsuite> <!-- batchExecution.SecondTest -->
