<?xml version="1.0" encoding="UTF-8"?>
<!-- Generated by org.testng.reporters.JUnitReportReporter -->
<testsuite hostname="LAPTOP-LBIUQGKJ" failures="0" tests="3" name="testNG.EnabledPracticeTest" time="0.014" errors="0" timestamp="2022-12-27T17:26:55 IST" skipped="1">
  <testcase classname="testNG.EnabledPracticeTest" name="a" time="0.013"/>
  <system-out>
    <![CDATA[test a ]]>
  </system-out>
  <testcase classname="testNG.EnabledPracticeTest" name="c" time="0.001"/>
  <system-out>
    <![CDATA[test c]]>
  </system-out>
  <testcase classname="testNG.EnabledPracticeTest" name="b">
    <skipped/>
  </testcase> <!-- b -->
  <system-out/>
</testsuite> <!-- testNG.EnabledPracticeTest -->
