<?xml version="1.0" encoding="UTF-8"?>
<!-- Generated by org.testng.reporters.JUnitReportReporter -->
<testsuite hostname="LAPTOP-LBIUQGKJ" failures="0" tests="1" name="testNGImplementation.CreateContactWithExistingOrganizationTest" time="23.018" errors="0" timestamp="2023-01-03T14:54:25 IST" skipped="0">
  <testcase classname="testNGImplementation.CreateContactWithExistingOrganizationTest" name="createContactTest" time="23.018"/>
  <system-out/>
</testsuite> <!-- testNGImplementation.CreateContactWithExistingOrganizationTest -->
