<?xml version="1.0" encoding="UTF-8"?>
<!-- Generated by org.testng.reporters.JUnitReportReporter -->
<testsuite hostname="LAPTOP-LBIUQGKJ" failures="0" tests="2" name="testNG.SecondTest" time="0.004" errors="0" timestamp="2022-12-26T16:44:58 IST" skipped="0">
  <testcase classname="testNG.SecondTest" name="second1Test" time="0.001"/>
  <system-out/>
  <testcase classname="testNG.SecondTest" name="second2Test" time="0.003"/>
  <system-out/>
</testsuite> <!-- testNG.SecondTest -->
