<?xml version="1.0" encoding="UTF-8"?>
<!-- Generated by org.testng.reporters.JUnitReportReporter -->
<testsuite hostname="LAPTOP-LBIUQGKJ" failures="0" tests="1" name="pomImplementation.CreateAndDuplicateLeadTest" time="25.072" errors="0" timestamp="2023-01-02T11:54:01 IST" skipped="0">
  <testcase classname="pomImplementation.CreateAndDuplicateLeadTest" name="createDuplicateLeadTest" time="25.072"/>
  <system-out/>
</testsuite> <!-- pomImplementation.CreateAndDuplicateLeadTest -->
