<?xml version="1.0" encoding="UTF-8"?>
<!-- Generated by org.testng.reporters.JUnitReportReporter -->
<testsuite hostname="LAPTOP-LBIUQGKJ" failures="0" tests="3" name="groupExecution.FirstTest" time="0.016" errors="0" timestamp="2023-01-11T17:58:54 IST" skipped="0">
  <testcase classname="groupExecution.FirstTest" name="first3Test" time="0.002"/>
  <system-out>
    <![CDATA[First3 test]]>
  </system-out>
  <testcase classname="groupExecution.FirstTest" name="first2Test" time="0.001"/>
  <system-out>
    <![CDATA[First2 test]]>
  </system-out>
  <testcase classname="groupExecution.FirstTest" name="first1Test" time="0.013"/>
  <system-out>
    <![CDATA[First1 test]]>
  </system-out>
</testsuite> <!-- groupExecution.FirstTest -->
