<?xml version="1.0" encoding="UTF-8"?>
<!-- Generated by org.testng.reporters.JUnitReportReporter -->
<testsuite hostname="LAPTOP-LBIUQGKJ" failures="0" tests="1" name="unitRegressionTesting.Practice1" time="0.009" errors="0" timestamp="2022-12-28T14:30:23 IST" skipped="0">
  <testcase classname="unitRegressionTesting.Practice1" name="practice3" time="0.009"/>
  <system-out>
    <![CDATA[Practice3]]>
  </system-out>
</testsuite> <!-- unitRegressionTesting.Practice1 -->
