<?xml version="1.0" encoding="UTF-8"?>
<!-- Generated by org.testng.reporters.JUnitReportReporter -->
<testsuite hostname="LAPTOP-LBIUQGKJ" failures="0" tests="1" name="mavenCMDPractice.MavenCMDPracticeTest" time="6.790" errors="0" timestamp="2023-01-05T16:29:14 IST" skipped="0">
  <testcase classname="mavenCMDPractice.MavenCMDPracticeTest" name="vtigerLoginTest" time="6.790"/>
  <system-out/>
</testsuite> <!-- mavenCMDPractice.MavenCMDPracticeTest -->
