<?xml version="1.0" encoding="UTF-8"?>
<!-- Generated by org.testng.reporters.JUnitReportReporter -->
<testsuite hostname="LAPTOP-LBIUQGKJ" failures="0" tests="1" name="batchExecution.ThirdTest" time="0.002" errors="0" timestamp="2022-12-27T17:43:28 IST" skipped="0">
  <testcase classname="batchExecution.ThirdTest" name="thirdTest" time="0.002"/>
  <system-out>
    <![CDATA[Third test]]>
  </system-out>
</testsuite> <!-- batchExecution.ThirdTest -->
