<?xml version="1.0" encoding="UTF-8"?>
<!-- Generated by org.testng.reporters.JUnitReportReporter -->
<testsuite hostname="LAPTOP-LBIUQGKJ" failures="0" tests="2" name="testNG.FirstTest" time="0.009" errors="0" timestamp="2022-12-26T16:44:58 IST" skipped="0">
  <testcase classname="testNG.FirstTest" name="first2Test" time="0.003"/>
  <system-out/>
  <testcase classname="testNG.FirstTest" name="first1Test" time="0.006"/>
  <system-out/>
</testsuite> <!-- testNG.FirstTest -->
