<?xml version="1.0" encoding="UTF-8"?>
<!-- Generated by org.testng.reporters.JUnitReportReporter -->
<testsuite hostname="LAPTOP-LBIUQGKJ" failures="0" tests="6" name="testNG.PriorityPracticeTest" time="0.013" errors="0" timestamp="2022-12-26T16:54:43 IST" skipped="0">
  <testcase classname="testNG.PriorityPracticeTest" name="demo1" time="0.009"/>
  <system-out>
    <![CDATA[demo1]]>
  </system-out>
  <testcase classname="testNG.PriorityPracticeTest" name="demo5" time="0.001"/>
  <system-out>
    <![CDATA[demo5]]>
  </system-out>
  <testcase classname="testNG.PriorityPracticeTest" name="demo6" time="0.001"/>
  <system-out>
    <![CDATA[demo6]]>
  </system-out>
  <testcase classname="testNG.PriorityPracticeTest" name="demo2" time="0.001"/>
  <system-out>
    <![CDATA[demo2]]>
  </system-out>
  <testcase classname="testNG.PriorityPracticeTest" name="demo3" time="0.000"/>
  <system-out>
    <![CDATA[demo3]]>
  </system-out>
  <testcase classname="testNG.PriorityPracticeTest" name="demo4" time="0.001"/>
  <system-out>
    <![CDATA[demo4]]>
  </system-out>
</testsuite> <!-- testNG.PriorityPracticeTest -->
