<?xml version="1.0" encoding="UTF-8"?>
<!-- Generated by org.testng.reporters.JUnitReportReporter -->
<testsuite hostname="LAPTOP-LBIUQGKJ" failures="0" tests="1" name="listeners.ListenerPracticeWithAnnotation" time="0.007" errors="0" timestamp="2022-12-30T16:49:34 IST" skipped="0">
  <testcase classname="listeners.ListenerPracticeWithAnnotation" name="demo" time="0.007"/>
  <system-out>
    <![CDATA[@Test method]]>
  </system-out>
</testsuite> <!-- listeners.ListenerPracticeWithAnnotation -->
