<?xml version="1.0" encoding="UTF-8"?>
<!-- Generated by org.testng.reporters.JUnitReportReporter -->
<testsuite hostname="LAPTOP-LBIUQGKJ" failures="0" tests="4" name="dataProvider.PracticeTest" time="0.015" errors="0" timestamp="2022-12-29T15:11:59 IST" skipped="0">
  <testcase classname="dataProvider.PracticeTest" name="demo" time="0.002"/>
  <system-out/>
  <testcase classname="dataProvider.PracticeTest" name="demo" time="0.002"/>
  <system-out/>
  <testcase classname="dataProvider.PracticeTest" name="demo" time="0.002"/>
  <system-out/>
  <testcase classname="dataProvider.PracticeTest" name="demo" time="0.009"/>
  <system-out/>
</testsuite> <!-- dataProvider.PracticeTest -->
