<?xml version="1.0" encoding="UTF-8"?>
<!-- Generated by org.testng.reporters.JUnitReportReporter -->
<testsuite hostname="LAPTOP-LBIUQGKJ" failures="0" tests="1" name="assertions.IfElseValidationTest" time="0.010" errors="0" timestamp="2022-12-30T14:27:34 IST" skipped="0">
  <testcase classname="assertions.IfElseValidationTest" name="demo" time="0.010"/>
  <system-out/>
</testsuite> <!-- assertions.IfElseValidationTest -->
