<?xml version="1.0" encoding="UTF-8"?>
<!-- Generated by org.testng.reporters.JUnitReportReporter -->
<testsuite hostname="LAPTOP-LBIUQGKJ" failures="0" tests="1" name="testNGImplementation.CreateOrganizationTest" time="18.582" errors="0" timestamp="2023-01-11T19:43:08 IST" skipped="0">
  <testcase classname="testNGImplementation.CreateOrganizationTest" name="createOrganizationTest" time="18.582"/>
  <system-out/>
</testsuite> <!-- testNGImplementation.CreateOrganizationTest -->
