<?xml version="1.0" encoding="UTF-8"?>
<!-- Generated by org.testng.reporters.JUnitReportReporter -->
<testsuite hostname="LAPTOP-LBIUQGKJ" failures="0" tests="1" name="distributedParallel.FourthTest" time="0.001" errors="0" timestamp="2022-12-28T15:13:21 IST" skipped="0">
  <testcase classname="distributedParallel.FourthTest" name="fourthTest" time="0.001"/>
  <system-out>
    <![CDATA[Fourth test]]>
  </system-out>
</testsuite> <!-- distributedParallel.FourthTest -->
