<?xml version="1.0" encoding="UTF-8"?>
<!-- Generated by org.testng.reporters.JUnitReportReporter -->
<testsuite hostname="LAPTOP-LBIUQGKJ" failures="0" tests="1" name="distributedParallel.SecondTest" time="0.002" errors="0" timestamp="2022-12-28T15:13:21 IST" skipped="0">
  <testcase classname="distributedParallel.SecondTest" name="secondTest" time="0.002"/>
  <system-out>
    <![CDATA[Second test]]>
  </system-out>
</testsuite> <!-- distributedParallel.SecondTest -->
