<?xml version="1.0" encoding="UTF-8"?>
<!-- Generated by org.testng.reporters.JUnitReportReporter -->
<testsuite hostname="LAPTOP-LBIUQGKJ" failures="0" tests="1" name="batchExecution.FirstTest" time="0.015" errors="0" timestamp="2022-12-27T17:43:28 IST" skipped="0">
  <testcase classname="batchExecution.FirstTest" name="firstTest" time="0.015"/>
  <system-out>
    <![CDATA[First test]]>
  </system-out>
</testsuite> <!-- batchExecution.FirstTest -->
