<?xml version="1.0" encoding="UTF-8"?>
<!-- Generated by org.testng.reporters.JUnitReportReporter -->
<testsuite hostname="LAPTOP-LBIUQGKJ" failures="0" tests="2" name="groupExecution.ThirdTest" time="0.017" errors="0" timestamp="2022-12-28T14:08:06 IST" skipped="0">
  <testcase classname="groupExecution.ThirdTest" name="third2Test" time="0.001"/>
  <system-out>
    <![CDATA[Third2 test]]>
  </system-out>
  <testcase classname="groupExecution.ThirdTest" name="third1Test" time="0.016"/>
  <system-out>
    <![CDATA[Third1 test]]>
  </system-out>
</testsuite> <!-- groupExecution.ThirdTest -->
