<?xml version="1.0" encoding="UTF-8"?>
<!-- Generated by org.testng.reporters.JUnitReportReporter -->
<testsuite hostname="LAPTOP-LBIUQGKJ" failures="0" tests="1" name="testNGImplementation.CreateAndDuplicateLeadTest" time="19.519" errors="0" timestamp="2023-01-03T14:54:25 IST" skipped="0">
  <testcase classname="testNGImplementation.CreateAndDuplicateLeadTest" name="createDuplicateLeadTest" time="19.519"/>
  <system-out/>
</testsuite> <!-- testNGImplementation.CreateAndDuplicateLeadTest -->
